{"name": "Проверка совпадения данных ФАМИЛИИ в заказе с введенными пользователем", "status": "broken", "statusDetails": {"message": "selenium.common.exceptions.TimeoutException: Message: \nStacktrace:\nRemoteError@chrome://remote/content/shared/RemoteError.sys.mjs:8:8\nWebDriverError@chrome://remote/content/shared/webdriver/Errors.sys.mjs:180:5\nNoSuchElementError@chrome://remote/content/shared/webdriver/Errors.sys.mjs:392:5\nelement.find/</<@chrome://remote/content/marionette/element.sys.mjs:134:16", "trace": "self = <test_header_order_button.TestRegisterHeaderButton object at 0x10dadc370>\ndriver = <selenium.webdriver.firefox.webdriver.WebDriver (session=\"e5d9e8aa-9dec-4cef-89c5-a255a145c1cf\")>\n\n    @allure.title(\"Проверка совпадения данных ФАМИЛИИ в заказе с введенными пользователем\")\n    @allure.description(\"Введена корректная фамилия 'Ленин'\")\n    def test_check_user_family_name(self, driver):\n        main_page = MainPage(driver)\n        register_page = RegisterForm(driver)\n        rent_page = RentPage(driver)\n        check_status = CheckStatusPage(driver)\n    \n        main_page.go_to_register_page_using_footer_button()\n        register_page.fill_in_registration_form()\n        rent_page.rent_window_loaded()\n        rent_page.order_grey_scooter_using_footer_order_button()\n        rent_page.wait_order_status()\n>       rent_page.go_to_check_status_page()\n\ntest_header_order_button.py:68: \n_ _ _ _ _ _ _ _ _ _ _ _ _ _ _ _ _ _ _ _ _ _ _ _ _ _ _ _ _ _ _ _ _ _ _ _ _ _ _ _ _ _ _ _ _ _ _ _ _ _ _ _ _ _ _ _ _ _ _ _ _ _ _ _ _ _ _ _ _ _ _ _ _ _ _ _ _ _ _ _ _ _ _ _\n../pages/rent_page.py:104: in go_to_check_status_page\n    WebDriverWait(self.driver, 10).until(expected_conditions.visibility_of_element_located((CheckStatusLocators.DATA_FIELD)))\n_ _ _ _ _ _ _ _ _ _ _ _ _ _ _ _ _ _ _ _ _ _ _ _ _ _ _ _ _ _ _ _ _ _ _ _ _ _ _ _ _ _ _ _ _ _ _ _ _ _ _ _ _ _ _ _ _ _ _ _ _ _ _ _ _ _ _ _ _ _ _ _ _ _ _ _ _ _ _ _ _ _ _ _\n\nself = <selenium.webdriver.support.wait.WebDriverWait (session=\"e5d9e8aa-9dec-4cef-89c5-a255a145c1cf\")>\nmethod = <function visibility_of_element_located.<locals>._predicate at 0x10da435b0>, message = ''\n\n    def until(self, method, message: str = \"\"):\n        \"\"\"Calls the method provided with the driver as an argument until the \\\n        return value does not evaluate to ``False``.\n    \n        :param method: callable(WebDriver)\n        :param message: optional message for :exc:`TimeoutException`\n        :returns: the result of the last call to `method`\n        :raises: :exc:`selenium.common.exceptions.TimeoutException` if timeout occurs\n        \"\"\"\n        screen = None\n        stacktrace = None\n    \n        end_time = time.monotonic() + self._timeout\n        while True:\n            try:\n                value = method(self._driver)\n                if value:\n                    return value\n            except self._ignored_exceptions as exc:\n                screen = getattr(exc, \"screen\", None)\n                stacktrace = getattr(exc, \"stacktrace\", None)\n            time.sleep(self._poll)\n            if time.monotonic() > end_time:\n                break\n>       raise TimeoutException(message, screen, stacktrace)\nE       selenium.common.exceptions.TimeoutException: Message: \nE       Stacktrace:\nE       RemoteError@chrome://remote/content/shared/RemoteError.sys.mjs:8:8\nE       WebDriverError@chrome://remote/content/shared/webdriver/Errors.sys.mjs:180:5\nE       NoSuchElementError@chrome://remote/content/shared/webdriver/Errors.sys.mjs:392:5\nE       element.find/</<@chrome://remote/content/marionette/element.sys.mjs:134:16\n\n../venv/lib/python3.10/site-packages/selenium/webdriver/support/wait.py:95: TimeoutException"}, "description": "Введена корректная фамилия 'Ленин'", "steps": [{"name": "Переход на страницу регистрации кнопкой в футере", "status": "passed", "steps": [{"name": "Клик на кнопку согласия с куки", "status": "passed", "start": 1679175202035, "stop": 1679175202283}, {"name": "Скролл до кн 'Заказать' в футере", "status": "passed", "start": 1679175202283, "stop": 1679175202293}, {"name": "Клик 'Заказать' в футере", "status": "passed", "start": 1679175202293, "stop": 1679175202523}], "start": 1679175202034, "stop": 1679175202523}, {"name": "Заполнить форму регистрации", "status": "passed", "steps": [{"name": "Заполнить поле имени", "status": "passed", "start": 1679175202523, "stop": 1679175202568}, {"name": "Заполнить поле фамилии", "status": "passed", "start": 1679175202568, "stop": 1679175202594}, {"name": "Заполнить поле адреса", "status": "passed", "start": 1679175202594, "stop": 1679175202647}, {"name": "Выбрать станцию метро", "status": "passed", "start": 1679175202647, "stop": 1679175203512}, {"name": "Заполнить поле номера телефона", "status": "passed", "start": 1679175203512, "stop": 1679175203542}, {"name": "Нажать кнопку 'Далее'", "status": "passed", "start": 1679175203542, "stop": 1679175203764}], "start": 1679175202523, "stop": 1679175203764}, {"name": "Ожидание загрузки окна", "status": "passed", "start": 1679175203764, "stop": 1679175203779}, {"name": "Оформление заказа на серый самокат с доставкой в этом месяце, сроком аренды 1 день и пустым полем 'комментарий'", "status": "passed", "steps": [{"name": "Выбор даты доставки в текущем месяце", "status": "passed", "start": 1679175203780, "stop": 1679175204290}, {"name": "Выбор срока аренды 'сутки'", "status": "passed", "start": 1679175204290, "stop": 1679175205246}, {"name": "Выбор серого цвета самоката", "status": "passed", "start": 1679175205246, "stop": 1679175205557}, {"name": "Клик по кнопке 'Заказать'", "status": "passed", "start": 1679175205558, "stop": 1679175205778}, {"name": "Клик на кнопку 'Да' в окне подтверждения", "status": "passed", "start": 1679175205778, "stop": 1679175206046}], "start": 1679175203780, "stop": 1679175206046}, {"name": "Ожидание загрузки всплывающего окна", "status": "passed", "start": 1679175206046, "stop": 1679175206078}, {"name": "Переход на страницу статуса заказа", "status": "broken", "statusDetails": {"message": "selenium.common.exceptions.TimeoutException: Message: \nStacktrace:\nRemoteError@chrome://remote/content/shared/RemoteError.sys.mjs:8:8\nWebDriverError@chrome://remote/content/shared/webdriver/Errors.sys.mjs:180:5\nNoSuchElementError@chrome://remote/content/shared/webdriver/Errors.sys.mjs:392:5\nelement.find/</<@chrome://remote/content/marionette/element.sys.mjs:134:16\n\n", "trace": "  File \"/Users/Irina/PycharmProjects/Sprint_4/venv/lib/python3.10/site-packages/allure_commons/_allure.py\", line 192, in impl\n    return func(*a, **kw)\n  File \"/Users/Irina/PycharmProjects/Sprint_4/pages/rent_page.py\", line 104, in go_to_check_status_page\n    WebDriverWait(self.driver, 10).until(expected_conditions.visibility_of_element_located((CheckStatusLocators.DATA_FIELD)))\n  File \"/Users/Irina/PycharmProjects/Sprint_4/venv/lib/python3.10/site-packages/selenium/webdriver/support/wait.py\", line 95, in until\n    raise TimeoutException(message, screen, stacktrace)\n"}, "start": 1679175206079, "stop": 1679175216477}], "start": 1679175202034, "stop": 1679175216486, "uuid": "c42581c7-6e9d-4d41-ad24-b0ca3d2c691d", "historyId": "221ad051a4102e3ee9f23e8006dad036", "testCaseId": "7e4a794ade60d79e2101d6f8926c9553", "fullName": "test_header_order_button.TestRegisterHeaderButton#test_check_user_family_name", "labels": [{"name": "suite", "value": "test_header_order_button"}, {"name": "subSuite", "value": "TestRegisterHeaderButton"}, {"name": "host", "value": "MacBook-Air.local"}, {"name": "thread", "value": "23718-MainThread"}, {"name": "framework", "value": "pytest"}, {"name": "language", "value": "cpython3"}, {"name": "package", "value": "test_header_order_button"}]}